<?xml version="1.0" encoding="UTF-8"?>
<testng-results ignored="0" total="20" passed="20" failed="0" skipped="0">
  <reporter-output>
  </reporter-output>
  <suite started-at="2022-08-19T16:19:24 IST" name="Suite" finished-at="2022-08-19T16:22:22 IST" duration-ms="177303">
    <groups>
    </groups>
    <test started-at="2022-08-19T16:19:24 IST" name="leaftap-chrome" finished-at="2022-08-19T16:20:37 IST" duration-ms="72434">
      <class name="testcase.testcase.MergeLead">
        <test-method is-config="true" signature="preCondition(java.lang.String,java.lang.String)[pri:0, instance:testcase.testcase.MergeLead@5824a83d]" started-at="2022-08-19T16:19:24 IST" name="preCondition" finished-at="2022-08-19T16:19:35 IST" duration-ms="10658" status="PASS">
          <params>
            <param index="0">
              <value>
                <![CDATA[Chrome]]>
              </value>
            </param>
            <param index="1">
              <value>
                <![CDATA[http://leaftaps.com/opentaps/]]>
              </value>
            </param>
          </params>
          <reporter-output>
          </reporter-output>
        </test-method> <!-- preCondition -->
        <test-method signature="mergeLead(java.lang.String,java.lang.String,java.lang.String,java.lang.String)[pri:0, instance:testcase.testcase.MergeLead@5824a83d]" started-at="2022-08-19T16:19:35 IST" name="mergeLead" data-provider="testdata" finished-at="2022-08-19T16:19:58 IST" duration-ms="22476" status="PASS">
          <params>
            <param index="0">
              <value>
                <![CDATA[DemoSalesManager]]>
              </value>
            </param>
            <param index="1">
              <value>
                <![CDATA[crmsfa]]>
              </value>
            </param>
            <param index="2">
              <value>
                <![CDATA[hari]]>
              </value>
            </param>
            <param index="3">
              <value>
                <![CDATA[babu]]>
              </value>
            </param>
          </params>
          <reporter-output>
          </reporter-output>
        </test-method> <!-- mergeLead -->
        <test-method is-config="true" signature="postCondition()[pri:0, instance:testcase.testcase.MergeLead@5824a83d]" started-at="2022-08-19T16:19:58 IST" name="postCondition" finished-at="2022-08-19T16:20:01 IST" duration-ms="3263" status="PASS">
          <reporter-output>
          </reporter-output>
        </test-method> <!-- postCondition -->
        <test-method is-config="true" signature="preCondition(java.lang.String,java.lang.String)[pri:0, instance:testcase.testcase.MergeLead@5824a83d]" started-at="2022-08-19T16:20:01 IST" name="preCondition" finished-at="2022-08-19T16:20:10 IST" duration-ms="8673" status="PASS">
          <params>
            <param index="0">
              <value>
                <![CDATA[Chrome]]>
              </value>
            </param>
            <param index="1">
              <value>
                <![CDATA[http://leaftaps.com/opentaps/]]>
              </value>
            </param>
          </params>
          <reporter-output>
          </reporter-output>
        </test-method> <!-- preCondition -->
        <test-method signature="mergeLead(java.lang.String,java.lang.String,java.lang.String,java.lang.String)[pri:0, instance:testcase.testcase.MergeLead@5824a83d]" started-at="2022-08-19T16:20:10 IST" name="mergeLead" data-provider="testdata" finished-at="2022-08-19T16:20:34 IST" duration-ms="24874" status="PASS">
          <params>
            <param index="0">
              <value>
                <![CDATA[DemoSalesManager]]>
              </value>
            </param>
            <param index="1">
              <value>
                <![CDATA[crmsfa]]>
              </value>
            </param>
            <param index="2">
              <value>
                <![CDATA[Hari]]>
              </value>
            </param>
            <param index="3">
              <value>
                <![CDATA[R]]>
              </value>
            </param>
          </params>
          <reporter-output>
          </reporter-output>
        </test-method> <!-- mergeLead -->
        <test-method is-config="true" signature="postCondition()[pri:0, instance:testcase.testcase.MergeLead@5824a83d]" started-at="2022-08-19T16:20:34 IST" name="postCondition" finished-at="2022-08-19T16:20:37 IST" duration-ms="2438" status="PASS">
          <reporter-output>
          </reporter-output>
        </test-method> <!-- postCondition -->
      </class> <!-- testcase.testcase.MergeLead -->
      <class name="testcase.testcase.DuplicateLead">
        <test-method is-config="true" signature="preCondition(java.lang.String,java.lang.String)[pri:0, instance:testcase.testcase.DuplicateLead@76b1e9b8]" started-at="2022-08-19T16:19:24 IST" name="preCondition" finished-at="2022-08-19T16:19:35 IST" duration-ms="10564" status="PASS">
          <params>
            <param index="0">
              <value>
                <![CDATA[Chrome]]>
              </value>
            </param>
            <param index="1">
              <value>
                <![CDATA[http://leaftaps.com/opentaps/]]>
              </value>
            </param>
          </params>
          <reporter-output>
          </reporter-output>
        </test-method> <!-- preCondition -->
        <test-method signature="duplicateLead(java.lang.String,java.lang.String,java.lang.String)[pri:0, instance:testcase.testcase.DuplicateLead@76b1e9b8]" started-at="2022-08-19T16:19:35 IST" name="duplicateLead" data-provider="testdata" finished-at="2022-08-19T16:19:59 IST" duration-ms="24432" status="PASS">
          <params>
            <param index="0">
              <value>
                <![CDATA[DemoSalesManager]]>
              </value>
            </param>
            <param index="1">
              <value>
                <![CDATA[crmsfa]]>
              </value>
            </param>
            <param index="2">
              <value>
                <![CDATA[99]]>
              </value>
            </param>
          </params>
          <reporter-output>
          </reporter-output>
        </test-method> <!-- duplicateLead -->
        <test-method is-config="true" signature="postCondition()[pri:0, instance:testcase.testcase.DuplicateLead@76b1e9b8]" started-at="2022-08-19T16:19:59 IST" name="postCondition" finished-at="2022-08-19T16:20:01 IST" duration-ms="1840" status="PASS">
          <reporter-output>
          </reporter-output>
        </test-method> <!-- postCondition -->
        <test-method is-config="true" signature="preCondition(java.lang.String,java.lang.String)[pri:0, instance:testcase.testcase.DuplicateLead@76b1e9b8]" started-at="2022-08-19T16:20:01 IST" name="preCondition" finished-at="2022-08-19T16:20:10 IST" duration-ms="8198" status="PASS">
          <params>
            <param index="0">
              <value>
                <![CDATA[Chrome]]>
              </value>
            </param>
            <param index="1">
              <value>
                <![CDATA[http://leaftaps.com/opentaps/]]>
              </value>
            </param>
          </params>
          <reporter-output>
          </reporter-output>
        </test-method> <!-- preCondition -->
        <test-method signature="duplicateLead(java.lang.String,java.lang.String,java.lang.String)[pri:0, instance:testcase.testcase.DuplicateLead@76b1e9b8]" started-at="2022-08-19T16:20:10 IST" name="duplicateLead" data-provider="testdata" finished-at="2022-08-19T16:20:33 IST" duration-ms="23157" status="PASS">
          <params>
            <param index="0">
              <value>
                <![CDATA[DemoSalesManager]]>
              </value>
            </param>
            <param index="1">
              <value>
                <![CDATA[crmsfa]]>
              </value>
            </param>
            <param index="2">
              <value>
                <![CDATA[97]]>
              </value>
            </param>
          </params>
          <reporter-output>
          </reporter-output>
        </test-method> <!-- duplicateLead -->
        <test-method is-config="true" signature="postCondition()[pri:0, instance:testcase.testcase.DuplicateLead@76b1e9b8]" started-at="2022-08-19T16:20:33 IST" name="postCondition" finished-at="2022-08-19T16:20:35 IST" duration-ms="2443" status="PASS">
          <reporter-output>
          </reporter-output>
        </test-method> <!-- postCondition -->
      </class> <!-- testcase.testcase.DuplicateLead -->
      <class name="testcase.testcase.CreateLead">
        <test-method is-config="true" signature="preCondition(java.lang.String,java.lang.String)[pri:0, instance:testcase.testcase.CreateLead@17f62e33]" started-at="2022-08-19T16:19:24 IST" name="preCondition" finished-at="2022-08-19T16:19:35 IST" duration-ms="10642" status="PASS">
          <params>
            <param index="0">
              <value>
                <![CDATA[Chrome]]>
              </value>
            </param>
            <param index="1">
              <value>
                <![CDATA[http://leaftaps.com/opentaps/]]>
              </value>
            </param>
          </params>
          <reporter-output>
          </reporter-output>
        </test-method> <!-- preCondition -->
        <test-method signature="createLead(java.lang.String,java.lang.String,java.lang.String,java.lang.String,java.lang.String,java.lang.String)[pri:0, instance:testcase.testcase.CreateLead@17f62e33]" started-at="2022-08-19T16:19:35 IST" name="createLead" data-provider="testdata" finished-at="2022-08-19T16:19:58 IST" duration-ms="22826" status="PASS">
          <params>
            <param index="0">
              <value>
                <![CDATA[DemoSalesManager]]>
              </value>
            </param>
            <param index="1">
              <value>
                <![CDATA[crmsfa]]>
              </value>
            </param>
            <param index="2">
              <value>
                <![CDATA[TestLeaf]]>
              </value>
            </param>
            <param index="3">
              <value>
                <![CDATA[Hari]]>
              </value>
            </param>
            <param index="4">
              <value>
                <![CDATA[R]]>
              </value>
            </param>
            <param index="5">
              <value>
                <![CDATA[99]]>
              </value>
            </param>
          </params>
          <reporter-output>
          </reporter-output>
        </test-method> <!-- createLead -->
        <test-method is-config="true" signature="postCondition()[pri:0, instance:testcase.testcase.CreateLead@17f62e33]" started-at="2022-08-19T16:19:58 IST" name="postCondition" finished-at="2022-08-19T16:19:59 IST" duration-ms="1116" status="PASS">
          <reporter-output>
          </reporter-output>
        </test-method> <!-- postCondition -->
        <test-method is-config="true" signature="preCondition(java.lang.String,java.lang.String)[pri:0, instance:testcase.testcase.CreateLead@17f62e33]" started-at="2022-08-19T16:19:59 IST" name="preCondition" finished-at="2022-08-19T16:20:10 IST" duration-ms="10663" status="PASS">
          <params>
            <param index="0">
              <value>
                <![CDATA[Chrome]]>
              </value>
            </param>
            <param index="1">
              <value>
                <![CDATA[http://leaftaps.com/opentaps/]]>
              </value>
            </param>
          </params>
          <reporter-output>
          </reporter-output>
        </test-method> <!-- preCondition -->
        <test-method signature="createLead(java.lang.String,java.lang.String,java.lang.String,java.lang.String,java.lang.String,java.lang.String)[pri:0, instance:testcase.testcase.CreateLead@17f62e33]" started-at="2022-08-19T16:20:10 IST" name="createLead" data-provider="testdata" finished-at="2022-08-19T16:20:27 IST" duration-ms="16812" status="PASS">
          <params>
            <param index="0">
              <value>
                <![CDATA[Democsr]]>
              </value>
            </param>
            <param index="1">
              <value>
                <![CDATA[crmsfa]]>
              </value>
            </param>
            <param index="2">
              <value>
                <![CDATA[Qeagle]]>
              </value>
            </param>
            <param index="3">
              <value>
                <![CDATA[Babu]]>
              </value>
            </param>
            <param index="4">
              <value>
                <![CDATA[M]]>
              </value>
            </param>
            <param index="5">
              <value>
                <![CDATA[97]]>
              </value>
            </param>
          </params>
          <reporter-output>
          </reporter-output>
        </test-method> <!-- createLead -->
        <test-method is-config="true" signature="postCondition()[pri:0, instance:testcase.testcase.CreateLead@17f62e33]" started-at="2022-08-19T16:20:27 IST" name="postCondition" finished-at="2022-08-19T16:20:29 IST" duration-ms="2440" status="PASS">
          <reporter-output>
          </reporter-output>
        </test-method> <!-- postCondition -->
      </class> <!-- testcase.testcase.CreateLead -->
      <class name="testcase.testcase.DeleteLead">
        <test-method is-config="true" signature="preCondition(java.lang.String,java.lang.String)[pri:0, instance:testcase.testcase.DeleteLead@74ea2410]" started-at="2022-08-19T16:19:24 IST" name="preCondition" finished-at="2022-08-19T16:19:35 IST" duration-ms="10677" status="PASS">
          <params>
            <param index="0">
              <value>
                <![CDATA[Chrome]]>
              </value>
            </param>
            <param index="1">
              <value>
                <![CDATA[http://leaftaps.com/opentaps/]]>
              </value>
            </param>
          </params>
          <reporter-output>
          </reporter-output>
        </test-method> <!-- preCondition -->
        <test-method signature="deleteLead(java.lang.String,java.lang.String,java.lang.String)[pri:0, instance:testcase.testcase.DeleteLead@74ea2410]" started-at="2022-08-19T16:19:35 IST" name="deleteLead" data-provider="testdata" finished-at="2022-08-19T16:19:57 IST" duration-ms="21791" status="PASS">
          <params>
            <param index="0">
              <value>
                <![CDATA[DemoSalesManager]]>
              </value>
            </param>
            <param index="1">
              <value>
                <![CDATA[crmsfa]]>
              </value>
            </param>
            <param index="2">
              <value>
                <![CDATA[99]]>
              </value>
            </param>
          </params>
          <reporter-output>
          </reporter-output>
        </test-method> <!-- deleteLead -->
        <test-method is-config="true" signature="postCondition()[pri:0, instance:testcase.testcase.DeleteLead@74ea2410]" started-at="2022-08-19T16:19:57 IST" name="postCondition" finished-at="2022-08-19T16:20:02 IST" duration-ms="5430" status="PASS">
          <reporter-output>
          </reporter-output>
        </test-method> <!-- postCondition -->
        <test-method is-config="true" signature="preCondition(java.lang.String,java.lang.String)[pri:0, instance:testcase.testcase.DeleteLead@74ea2410]" started-at="2022-08-19T16:20:02 IST" name="preCondition" finished-at="2022-08-19T16:20:10 IST" duration-ms="7154" status="PASS">
          <params>
            <param index="0">
              <value>
                <![CDATA[Chrome]]>
              </value>
            </param>
            <param index="1">
              <value>
                <![CDATA[http://leaftaps.com/opentaps/]]>
              </value>
            </param>
          </params>
          <reporter-output>
          </reporter-output>
        </test-method> <!-- preCondition -->
        <test-method signature="deleteLead(java.lang.String,java.lang.String,java.lang.String)[pri:0, instance:testcase.testcase.DeleteLead@74ea2410]" started-at="2022-08-19T16:20:10 IST" name="deleteLead" data-provider="testdata" finished-at="2022-08-19T16:20:30 IST" duration-ms="20858" status="PASS">
          <params>
            <param index="0">
              <value>
                <![CDATA[DemoSalesManager]]>
              </value>
            </param>
            <param index="1">
              <value>
                <![CDATA[crmsfa]]>
              </value>
            </param>
            <param index="2">
              <value>
                <![CDATA[97]]>
              </value>
            </param>
          </params>
          <reporter-output>
          </reporter-output>
        </test-method> <!-- deleteLead -->
        <test-method is-config="true" signature="postCondition()[pri:0, instance:testcase.testcase.DeleteLead@74ea2410]" started-at="2022-08-19T16:20:30 IST" name="postCondition" finished-at="2022-08-19T16:20:33 IST" duration-ms="2433" status="PASS">
          <reporter-output>
          </reporter-output>
        </test-method> <!-- postCondition -->
      </class> <!-- testcase.testcase.DeleteLead -->
      <class name="testcase.testcase.EditLead">
        <test-method is-config="true" signature="preCondition(java.lang.String,java.lang.String)[pri:0, instance:testcase.testcase.EditLead@27406a17]" started-at="2022-08-19T16:19:24 IST" name="preCondition" finished-at="2022-08-19T16:19:35 IST" duration-ms="10660" status="PASS">
          <params>
            <param index="0">
              <value>
                <![CDATA[Chrome]]>
              </value>
            </param>
            <param index="1">
              <value>
                <![CDATA[http://leaftaps.com/opentaps/]]>
              </value>
            </param>
          </params>
          <reporter-output>
          </reporter-output>
        </test-method> <!-- preCondition -->
        <test-method signature="editLead(java.lang.String,java.lang.String,java.lang.String,java.lang.String)[pri:0, instance:testcase.testcase.EditLead@27406a17]" started-at="2022-08-19T16:19:35 IST" name="editLead" data-provider="testdata" finished-at="2022-08-19T16:19:58 IST" duration-ms="22939" status="PASS">
          <params>
            <param index="0">
              <value>
                <![CDATA[DemoSalesManager]]>
              </value>
            </param>
            <param index="1">
              <value>
                <![CDATA[crmsfa]]>
              </value>
            </param>
            <param index="2">
              <value>
                <![CDATA[99]]>
              </value>
            </param>
            <param index="3">
              <value>
                <![CDATA[Tcs]]>
              </value>
            </param>
          </params>
          <reporter-output>
          </reporter-output>
        </test-method> <!-- editLead -->
        <test-method is-config="true" signature="postCondition()[pri:0, instance:testcase.testcase.EditLead@27406a17]" started-at="2022-08-19T16:19:58 IST" name="postCondition" finished-at="2022-08-19T16:20:01 IST" duration-ms="2654" status="PASS">
          <reporter-output>
          </reporter-output>
        </test-method> <!-- postCondition -->
        <test-method is-config="true" signature="preCondition(java.lang.String,java.lang.String)[pri:0, instance:testcase.testcase.EditLead@27406a17]" started-at="2022-08-19T16:20:01 IST" name="preCondition" finished-at="2022-08-19T16:20:09 IST" duration-ms="8769" status="PASS">
          <params>
            <param index="0">
              <value>
                <![CDATA[Chrome]]>
              </value>
            </param>
            <param index="1">
              <value>
                <![CDATA[http://leaftaps.com/opentaps/]]>
              </value>
            </param>
          </params>
          <reporter-output>
          </reporter-output>
        </test-method> <!-- preCondition -->
        <test-method signature="editLead(java.lang.String,java.lang.String,java.lang.String,java.lang.String)[pri:0, instance:testcase.testcase.EditLead@27406a17]" started-at="2022-08-19T16:20:09 IST" name="editLead" data-provider="testdata" finished-at="2022-08-19T16:20:29 IST" duration-ms="19658" status="PASS">
          <params>
            <param index="0">
              <value>
                <![CDATA[Democsr]]>
              </value>
            </param>
            <param index="1">
              <value>
                <![CDATA[crmsfa]]>
              </value>
            </param>
            <param index="2">
              <value>
                <![CDATA[97]]>
              </value>
            </param>
            <param index="3">
              <value>
                <![CDATA[Cts]]>
              </value>
            </param>
          </params>
          <reporter-output>
          </reporter-output>
        </test-method> <!-- editLead -->
        <test-method is-config="true" signature="postCondition()[pri:0, instance:testcase.testcase.EditLead@27406a17]" started-at="2022-08-19T16:20:29 IST" name="postCondition" finished-at="2022-08-19T16:20:32 IST" duration-ms="2439" status="PASS">
          <reporter-output>
          </reporter-output>
        </test-method> <!-- postCondition -->
      </class> <!-- testcase.testcase.EditLead -->
    </test> <!-- leaftap-chrome -->
    <test started-at="2022-08-19T16:20:37 IST" name="leaftap-edge" finished-at="2022-08-19T16:22:22 IST" duration-ms="104838">
      <class name="testcase.testcase.MergeLead">
        <test-method is-config="true" signature="preCondition(java.lang.String,java.lang.String)[pri:0, instance:testcase.testcase.MergeLead@48075da3]" started-at="2022-08-19T16:20:37 IST" name="preCondition" finished-at="2022-08-19T16:20:58 IST" duration-ms="21517" status="PASS">
          <params>
            <param index="0">
              <value>
                <![CDATA[Edge]]>
              </value>
            </param>
            <param index="1">
              <value>
                <![CDATA[http://leaftaps.com/opentaps/]]>
              </value>
            </param>
          </params>
          <reporter-output>
          </reporter-output>
        </test-method> <!-- preCondition -->
        <test-method signature="mergeLead(java.lang.String,java.lang.String,java.lang.String,java.lang.String)[pri:0, instance:testcase.testcase.MergeLead@48075da3]" started-at="2022-08-19T16:20:58 IST" name="mergeLead" data-provider="testdata" finished-at="2022-08-19T16:21:48 IST" duration-ms="49420" status="PASS">
          <params>
            <param index="0">
              <value>
                <![CDATA[DemoSalesManager]]>
              </value>
            </param>
            <param index="1">
              <value>
                <![CDATA[crmsfa]]>
              </value>
            </param>
            <param index="2">
              <value>
                <![CDATA[hari]]>
              </value>
            </param>
            <param index="3">
              <value>
                <![CDATA[babu]]>
              </value>
            </param>
          </params>
          <reporter-output>
          </reporter-output>
        </test-method> <!-- mergeLead -->
        <test-method is-config="true" signature="postCondition()[pri:0, instance:testcase.testcase.MergeLead@48075da3]" started-at="2022-08-19T16:21:48 IST" name="postCondition" finished-at="2022-08-19T16:21:48 IST" duration-ms="407" status="PASS">
          <reporter-output>
          </reporter-output>
        </test-method> <!-- postCondition -->
        <test-method is-config="true" signature="preCondition(java.lang.String,java.lang.String)[pri:0, instance:testcase.testcase.MergeLead@48075da3]" started-at="2022-08-19T16:21:48 IST" name="preCondition" finished-at="2022-08-19T16:21:58 IST" duration-ms="10006" status="PASS">
          <params>
            <param index="0">
              <value>
                <![CDATA[Edge]]>
              </value>
            </param>
            <param index="1">
              <value>
                <![CDATA[http://leaftaps.com/opentaps/]]>
              </value>
            </param>
          </params>
          <reporter-output>
          </reporter-output>
        </test-method> <!-- preCondition -->
        <test-method signature="mergeLead(java.lang.String,java.lang.String,java.lang.String,java.lang.String)[pri:0, instance:testcase.testcase.MergeLead@48075da3]" started-at="2022-08-19T16:21:58 IST" name="mergeLead" data-provider="testdata" finished-at="2022-08-19T16:22:21 IST" duration-ms="23108" status="PASS">
          <params>
            <param index="0">
              <value>
                <![CDATA[DemoSalesManager]]>
              </value>
            </param>
            <param index="1">
              <value>
                <![CDATA[crmsfa]]>
              </value>
            </param>
            <param index="2">
              <value>
                <![CDATA[Hari]]>
              </value>
            </param>
            <param index="3">
              <value>
                <![CDATA[R]]>
              </value>
            </param>
          </params>
          <reporter-output>
          </reporter-output>
        </test-method> <!-- mergeLead -->
        <test-method is-config="true" signature="postCondition()[pri:0, instance:testcase.testcase.MergeLead@48075da3]" started-at="2022-08-19T16:22:21 IST" name="postCondition" finished-at="2022-08-19T16:22:22 IST" duration-ms="372" status="PASS">
          <reporter-output>
          </reporter-output>
        </test-method> <!-- postCondition -->
      </class> <!-- testcase.testcase.MergeLead -->
      <class name="testcase.testcase.DuplicateLead">
        <test-method is-config="true" signature="preCondition(java.lang.String,java.lang.String)[pri:0, instance:testcase.testcase.DuplicateLead@cc43f62]" started-at="2022-08-19T16:20:37 IST" name="preCondition" finished-at="2022-08-19T16:20:59 IST" duration-ms="22121" status="PASS">
          <params>
            <param index="0">
              <value>
                <![CDATA[Edge]]>
              </value>
            </param>
            <param index="1">
              <value>
                <![CDATA[http://leaftaps.com/opentaps/]]>
              </value>
            </param>
          </params>
          <reporter-output>
          </reporter-output>
        </test-method> <!-- preCondition -->
        <test-method signature="duplicateLead(java.lang.String,java.lang.String,java.lang.String)[pri:0, instance:testcase.testcase.DuplicateLead@cc43f62]" started-at="2022-08-19T16:20:59 IST" name="duplicateLead" data-provider="testdata" finished-at="2022-08-19T16:21:27 IST" duration-ms="28411" status="PASS">
          <params>
            <param index="0">
              <value>
                <![CDATA[DemoSalesManager]]>
              </value>
            </param>
            <param index="1">
              <value>
                <![CDATA[crmsfa]]>
              </value>
            </param>
            <param index="2">
              <value>
                <![CDATA[99]]>
              </value>
            </param>
          </params>
          <reporter-output>
          </reporter-output>
        </test-method> <!-- duplicateLead -->
        <test-method is-config="true" signature="postCondition()[pri:0, instance:testcase.testcase.DuplicateLead@cc43f62]" started-at="2022-08-19T16:21:27 IST" name="postCondition" finished-at="2022-08-19T16:21:37 IST" duration-ms="9955" status="PASS">
          <reporter-output>
          </reporter-output>
        </test-method> <!-- postCondition -->
        <test-method is-config="true" signature="preCondition(java.lang.String,java.lang.String)[pri:0, instance:testcase.testcase.DuplicateLead@cc43f62]" started-at="2022-08-19T16:21:37 IST" name="preCondition" finished-at="2022-08-19T16:21:50 IST" duration-ms="12924" status="PASS">
          <params>
            <param index="0">
              <value>
                <![CDATA[Edge]]>
              </value>
            </param>
            <param index="1">
              <value>
                <![CDATA[http://leaftaps.com/opentaps/]]>
              </value>
            </param>
          </params>
          <reporter-output>
          </reporter-output>
        </test-method> <!-- preCondition -->
        <test-method signature="duplicateLead(java.lang.String,java.lang.String,java.lang.String)[pri:0, instance:testcase.testcase.DuplicateLead@cc43f62]" started-at="2022-08-19T16:21:50 IST" name="duplicateLead" data-provider="testdata" finished-at="2022-08-19T16:22:19 IST" duration-ms="28491" status="PASS">
          <params>
            <param index="0">
              <value>
                <![CDATA[DemoSalesManager]]>
              </value>
            </param>
            <param index="1">
              <value>
                <![CDATA[crmsfa]]>
              </value>
            </param>
            <param index="2">
              <value>
                <![CDATA[97]]>
              </value>
            </param>
          </params>
          <reporter-output>
          </reporter-output>
        </test-method> <!-- duplicateLead -->
        <test-method is-config="true" signature="postCondition()[pri:0, instance:testcase.testcase.DuplicateLead@cc43f62]" started-at="2022-08-19T16:22:19 IST" name="postCondition" finished-at="2022-08-19T16:22:19 IST" duration-ms="250" status="PASS">
          <reporter-output>
          </reporter-output>
        </test-method> <!-- postCondition -->
      </class> <!-- testcase.testcase.DuplicateLead -->
      <class name="testcase.testcase.CreateLead">
        <test-method is-config="true" signature="preCondition(java.lang.String,java.lang.String)[pri:0, instance:testcase.testcase.CreateLead@2cb4893b]" started-at="2022-08-19T16:20:37 IST" name="preCondition" finished-at="2022-08-19T16:20:59 IST" duration-ms="21818" status="PASS">
          <params>
            <param index="0">
              <value>
                <![CDATA[Edge]]>
              </value>
            </param>
            <param index="1">
              <value>
                <![CDATA[http://leaftaps.com/opentaps/]]>
              </value>
            </param>
          </params>
          <reporter-output>
          </reporter-output>
        </test-method> <!-- preCondition -->
        <test-method signature="createLead(java.lang.String,java.lang.String,java.lang.String,java.lang.String,java.lang.String,java.lang.String)[pri:0, instance:testcase.testcase.CreateLead@2cb4893b]" started-at="2022-08-19T16:20:59 IST" name="createLead" data-provider="testdata" finished-at="2022-08-19T16:21:22 IST" duration-ms="22893" status="PASS">
          <params>
            <param index="0">
              <value>
                <![CDATA[DemoSalesManager]]>
              </value>
            </param>
            <param index="1">
              <value>
                <![CDATA[crmsfa]]>
              </value>
            </param>
            <param index="2">
              <value>
                <![CDATA[TestLeaf]]>
              </value>
            </param>
            <param index="3">
              <value>
                <![CDATA[Hari]]>
              </value>
            </param>
            <param index="4">
              <value>
                <![CDATA[R]]>
              </value>
            </param>
            <param index="5">
              <value>
                <![CDATA[99]]>
              </value>
            </param>
          </params>
          <reporter-output>
          </reporter-output>
        </test-method> <!-- createLead -->
        <test-method is-config="true" signature="postCondition()[pri:0, instance:testcase.testcase.CreateLead@2cb4893b]" started-at="2022-08-19T16:21:22 IST" name="postCondition" finished-at="2022-08-19T16:21:36 IST" duration-ms="13940" status="PASS">
          <reporter-output>
          </reporter-output>
        </test-method> <!-- postCondition -->
        <test-method is-config="true" signature="preCondition(java.lang.String,java.lang.String)[pri:0, instance:testcase.testcase.CreateLead@2cb4893b]" started-at="2022-08-19T16:21:36 IST" name="preCondition" finished-at="2022-08-19T16:21:50 IST" duration-ms="14758" status="PASS">
          <params>
            <param index="0">
              <value>
                <![CDATA[Edge]]>
              </value>
            </param>
            <param index="1">
              <value>
                <![CDATA[http://leaftaps.com/opentaps/]]>
              </value>
            </param>
          </params>
          <reporter-output>
          </reporter-output>
        </test-method> <!-- preCondition -->
        <test-method signature="createLead(java.lang.String,java.lang.String,java.lang.String,java.lang.String,java.lang.String,java.lang.String)[pri:0, instance:testcase.testcase.CreateLead@2cb4893b]" started-at="2022-08-19T16:21:50 IST" name="createLead" data-provider="testdata" finished-at="2022-08-19T16:22:12 IST" duration-ms="22160" status="PASS">
          <params>
            <param index="0">
              <value>
                <![CDATA[Democsr]]>
              </value>
            </param>
            <param index="1">
              <value>
                <![CDATA[crmsfa]]>
              </value>
            </param>
            <param index="2">
              <value>
                <![CDATA[Qeagle]]>
              </value>
            </param>
            <param index="3">
              <value>
                <![CDATA[Babu]]>
              </value>
            </param>
            <param index="4">
              <value>
                <![CDATA[M]]>
              </value>
            </param>
            <param index="5">
              <value>
                <![CDATA[97]]>
              </value>
            </param>
          </params>
          <reporter-output>
          </reporter-output>
        </test-method> <!-- createLead -->
        <test-method is-config="true" signature="postCondition()[pri:0, instance:testcase.testcase.CreateLead@2cb4893b]" started-at="2022-08-19T16:22:12 IST" name="postCondition" finished-at="2022-08-19T16:22:16 IST" duration-ms="3051" status="PASS">
          <reporter-output>
          </reporter-output>
        </test-method> <!-- postCondition -->
      </class> <!-- testcase.testcase.CreateLead -->
      <class name="testcase.testcase.DeleteLead">
        <test-method is-config="true" signature="preCondition(java.lang.String,java.lang.String)[pri:0, instance:testcase.testcase.DeleteLead@68c9133c]" started-at="2022-08-19T16:20:37 IST" name="preCondition" finished-at="2022-08-19T16:20:59 IST" duration-ms="21638" status="PASS">
          <params>
            <param index="0">
              <value>
                <![CDATA[Edge]]>
              </value>
            </param>
            <param index="1">
              <value>
                <![CDATA[http://leaftaps.com/opentaps/]]>
              </value>
            </param>
          </params>
          <reporter-output>
          </reporter-output>
        </test-method> <!-- preCondition -->
        <test-method signature="deleteLead(java.lang.String,java.lang.String,java.lang.String)[pri:0, instance:testcase.testcase.DeleteLead@68c9133c]" started-at="2022-08-19T16:20:59 IST" name="deleteLead" data-provider="testdata" finished-at="2022-08-19T16:21:25 IST" duration-ms="26259" status="PASS">
          <params>
            <param index="0">
              <value>
                <![CDATA[DemoSalesManager]]>
              </value>
            </param>
            <param index="1">
              <value>
                <![CDATA[crmsfa]]>
              </value>
            </param>
            <param index="2">
              <value>
                <![CDATA[99]]>
              </value>
            </param>
          </params>
          <reporter-output>
          </reporter-output>
        </test-method> <!-- deleteLead -->
        <test-method is-config="true" signature="postCondition()[pri:0, instance:testcase.testcase.DeleteLead@68c9133c]" started-at="2022-08-19T16:21:25 IST" name="postCondition" finished-at="2022-08-19T16:21:35 IST" duration-ms="10413" status="PASS">
          <reporter-output>
          </reporter-output>
        </test-method> <!-- postCondition -->
        <test-method is-config="true" signature="preCondition(java.lang.String,java.lang.String)[pri:0, instance:testcase.testcase.DeleteLead@68c9133c]" started-at="2022-08-19T16:21:35 IST" name="preCondition" finished-at="2022-08-19T16:21:50 IST" duration-ms="15068" status="PASS">
          <params>
            <param index="0">
              <value>
                <![CDATA[Edge]]>
              </value>
            </param>
            <param index="1">
              <value>
                <![CDATA[http://leaftaps.com/opentaps/]]>
              </value>
            </param>
          </params>
          <reporter-output>
          </reporter-output>
        </test-method> <!-- preCondition -->
        <test-method signature="deleteLead(java.lang.String,java.lang.String,java.lang.String)[pri:0, instance:testcase.testcase.DeleteLead@68c9133c]" started-at="2022-08-19T16:21:50 IST" name="deleteLead" data-provider="testdata" finished-at="2022-08-19T16:22:16 IST" duration-ms="26000" status="PASS">
          <params>
            <param index="0">
              <value>
                <![CDATA[DemoSalesManager]]>
              </value>
            </param>
            <param index="1">
              <value>
                <![CDATA[crmsfa]]>
              </value>
            </param>
            <param index="2">
              <value>
                <![CDATA[97]]>
              </value>
            </param>
          </params>
          <reporter-output>
          </reporter-output>
        </test-method> <!-- deleteLead -->
        <test-method is-config="true" signature="postCondition()[pri:0, instance:testcase.testcase.DeleteLead@68c9133c]" started-at="2022-08-19T16:22:16 IST" name="postCondition" finished-at="2022-08-19T16:22:19 IST" duration-ms="2541" status="PASS">
          <reporter-output>
          </reporter-output>
        </test-method> <!-- postCondition -->
      </class> <!-- testcase.testcase.DeleteLead -->
      <class name="testcase.testcase.EditLead">
        <test-method is-config="true" signature="preCondition(java.lang.String,java.lang.String)[pri:0, instance:testcase.testcase.EditLead@5b218417]" started-at="2022-08-19T16:20:37 IST" name="preCondition" finished-at="2022-08-19T16:20:59 IST" duration-ms="22103" status="PASS">
          <params>
            <param index="0">
              <value>
                <![CDATA[Edge]]>
              </value>
            </param>
            <param index="1">
              <value>
                <![CDATA[http://leaftaps.com/opentaps/]]>
              </value>
            </param>
          </params>
          <reporter-output>
          </reporter-output>
        </test-method> <!-- preCondition -->
        <test-method signature="editLead(java.lang.String,java.lang.String,java.lang.String,java.lang.String)[pri:0, instance:testcase.testcase.EditLead@5b218417]" started-at="2022-08-19T16:20:59 IST" name="editLead" data-provider="testdata" finished-at="2022-08-19T16:21:25 IST" duration-ms="25945" status="PASS">
          <params>
            <param index="0">
              <value>
                <![CDATA[DemoSalesManager]]>
              </value>
            </param>
            <param index="1">
              <value>
                <![CDATA[crmsfa]]>
              </value>
            </param>
            <param index="2">
              <value>
                <![CDATA[99]]>
              </value>
            </param>
            <param index="3">
              <value>
                <![CDATA[Tcs]]>
              </value>
            </param>
          </params>
          <reporter-output>
          </reporter-output>
        </test-method> <!-- editLead -->
        <test-method is-config="true" signature="postCondition()[pri:0, instance:testcase.testcase.EditLead@5b218417]" started-at="2022-08-19T16:21:25 IST" name="postCondition" finished-at="2022-08-19T16:21:38 IST" duration-ms="12670" status="PASS">
          <reporter-output>
          </reporter-output>
        </test-method> <!-- postCondition -->
        <test-method is-config="true" signature="preCondition(java.lang.String,java.lang.String)[pri:0, instance:testcase.testcase.EditLead@5b218417]" started-at="2022-08-19T16:21:38 IST" name="preCondition" finished-at="2022-08-19T16:21:50 IST" duration-ms="12712" status="PASS">
          <params>
            <param index="0">
              <value>
                <![CDATA[Edge]]>
              </value>
            </param>
            <param index="1">
              <value>
                <![CDATA[http://leaftaps.com/opentaps/]]>
              </value>
            </param>
          </params>
          <reporter-output>
          </reporter-output>
        </test-method> <!-- preCondition -->
        <test-method signature="editLead(java.lang.String,java.lang.String,java.lang.String,java.lang.String)[pri:0, instance:testcase.testcase.EditLead@5b218417]" started-at="2022-08-19T16:21:50 IST" name="editLead" data-provider="testdata" finished-at="2022-08-19T16:22:16 IST" duration-ms="25770" status="PASS">
          <params>
            <param index="0">
              <value>
                <![CDATA[Democsr]]>
              </value>
            </param>
            <param index="1">
              <value>
                <![CDATA[crmsfa]]>
              </value>
            </param>
            <param index="2">
              <value>
                <![CDATA[97]]>
              </value>
            </param>
            <param index="3">
              <value>
                <![CDATA[Cts]]>
              </value>
            </param>
          </params>
          <reporter-output>
          </reporter-output>
        </test-method> <!-- editLead -->
        <test-method is-config="true" signature="postCondition()[pri:0, instance:testcase.testcase.EditLead@5b218417]" started-at="2022-08-19T16:22:16 IST" name="postCondition" finished-at="2022-08-19T16:22:16 IST" duration-ms="351" status="PASS">
          <reporter-output>
          </reporter-output>
        </test-method> <!-- postCondition -->
      </class> <!-- testcase.testcase.EditLead -->
    </test> <!-- leaftap-edge -->
  </suite> <!-- Suite -->
</testng-results>
